<?xml version="1.0" encoding="UTF-8"?>
<!-- Generated by org.testng.reporters.JUnitReportReporter -->
<testsuite hostname="LIN51011861" failures="0" tests="1" name="touristAPITest.JSONIteratorTest" time="0.014" errors="0" timestamp="2022-12-06T15:28:01 IST" skipped="0">
  <testcase classname="touristAPITest.JSONIteratorTest" name="iteratorJSONTest" time="0.014"/>
  <system-out/>
</testsuite> <!-- touristAPITest.JSONIteratorTest -->
