<?xml version="1.0" encoding="UTF-8"?>
<!-- Generated by org.testng.reporters.JUnitReportReporter -->
<testsuite hostname="LIN51011861" failures="0" tests="1" name="apiTesting.TouristAPI" time="2.247" errors="0" timestamp="2022-12-02T11:16:06 IST" skipped="0">
  <testcase classname="apiTesting.TouristAPI" name="getAllTourist" time="2.247"/>
  <system-out/>
</testsuite> <!-- apiTesting.TouristAPI -->
