<?xml version="1.0" encoding="UTF-8"?>
<!-- Generated by org.testng.reporters.JUnitReportReporter -->
<testsuite hostname="LIN51011861" failures="0" tests="2" name="touristAPITest.GetTouristByParameter" time="2.321" errors="0" timestamp="2022-12-02T15:49:46 IST" skipped="0">
  <testcase classname="touristAPITest.GetTouristByParameter" name="getTouristByQueryParamater" time="1.884"/>
  <system-out/>
  <testcase classname="touristAPITest.GetTouristByParameter" name="getTouristByQueryParamater" time="0.437"/>
  <system-out/>
</testsuite> <!-- touristAPITest.GetTouristByParameter -->
