<?xml version="1.0" encoding="UTF-8"?>
<!-- Generated by org.testng.reporters.JUnitReportReporter -->
<testsuite hostname="LIN51011861" failures="0" tests="1" name="apiTesting.APIPractiseTest" time="2.542" errors="0" timestamp="2022-12-02T10:49:19 IST" skipped="0">
  <testcase classname="apiTesting.APIPractiseTest" name="getAllTourist" time="2.542"/>
  <system-out/>
</testsuite> <!-- apiTesting.APIPractiseTest -->
