<?xml version="1.0" encoding="UTF-8"?>
<!-- Generated by org.testng.reporters.JUnitReportReporter -->
<testsuite hostname="LIN51011861" failures="0" tests="1" name="touristAPITest.TouristAPI" time="2.272" errors="0" timestamp="2022-12-02T11:22:30 IST" skipped="0">
  <testcase classname="touristAPITest.TouristAPI" name="getAllTourist" time="2.272"/>
  <system-out/>
</testsuite> <!-- touristAPITest.TouristAPI -->
