<?xml version="1.0" encoding="UTF-8"?>
<!-- Generated by org.testng.reporters.JUnitReportReporter -->
<testsuite hostname="LIN51011861" failures="0" tests="1" name="touristAPITest.CreateTouristEntity" time="1.438" errors="0" timestamp="2022-12-02T16:37:20 IST" skipped="0">
  <testcase classname="touristAPITest.CreateTouristEntity" name="createTouristEntity" time="1.438"/>
  <system-out/>
</testsuite> <!-- touristAPITest.CreateTouristEntity -->
