<?xml version="1.0" encoding="UTF-8"?>
<!-- Generated by org.testng.reporters.JUnitReportReporter -->
<testsuite hostname="LIN51011861" failures="0" tests="1" name="touristAPITest.GetTouristAllList" time="1.423" errors="0" timestamp="2022-12-06T15:06:36 IST" skipped="0">
  <testcase classname="touristAPITest.GetTouristAllList" name="getAllTourist" time="1.423"/>
  <system-out/>
</testsuite> <!-- touristAPITest.GetTouristAllList -->
