<?xml version="1.0" encoding="UTF-8"?>
<!-- Generated by org.testng.reporters.JUnitReportReporter -->
<testsuite hostname="LIN51011861" failures="0" tests="1" name="touristAPITest.UpdateTouristEntity" time="1.611" errors="0" timestamp="2022-12-02T19:15:18 IST" skipped="0">
  <testcase classname="touristAPITest.UpdateTouristEntity" name="updateTouristEntity" time="1.611"/>
  <system-out/>
</testsuite> <!-- touristAPITest.UpdateTouristEntity -->
